<?xml version="1.0" encoding="UTF-8"?>
<testsuites name="Mocha Tests" time="11.079" tests="1" failures="0">
  <testsuite name="Root Suite" timestamp="2025-08-21T09:18:15" tests="0" file="cypress\e2e\Agent.cy.js" time="0.000" failures="0">
  </testsuite>
  <testsuite name="Agent test" timestamp="2025-08-21T09:18:15" tests="1" time="11.076" failures="0">
    <testcase name="Agent test agent registration form" time="10.997" classname="agent registration form">
    </testcase>
  </testsuite>
</testsuites>